<?xml version="1.0" encoding="UTF-8"?>
<testng-results ignored="0" total="3" passed="3" failed="0" skipped="0">
  <reporter-output>
  </reporter-output>
  <suite started-at="2021-11-18T07:04:23Z" name="Surefire suite" finished-at="2021-11-18T07:04:23Z" duration-ms="118">
    <groups>
    </groups>
    <test started-at="2021-11-18T07:04:23Z" name="Surefire test" finished-at="2021-11-18T07:04:23Z" duration-ms="118">
      <class name="org.Vapsi.AppTest">
        <test-method signature="Print1()" started-at="2021-11-18T07:04:23Z" name="Print1" finished-at="2021-11-18T07:04:23Z" duration-ms="44" status="PASS">
          <reporter-output>
          </reporter-output>
        </test-method> <!-- Print1 -->
        <test-method signature="Print()" started-at="2021-11-18T07:04:23Z" name="Print" finished-at="2021-11-18T07:04:23Z" duration-ms="7" status="PASS">
          <reporter-output>
          </reporter-output>
        </test-method> <!-- Print -->
        <test-method signature="shouldAnswerWithTrue()" started-at="2021-11-18T07:04:23Z" name="shouldAnswerWithTrue" finished-at="2021-11-18T07:04:23Z" duration-ms="6" status="PASS">
          <reporter-output>
          </reporter-output>
        </test-method> <!-- shouldAnswerWithTrue -->
      </class> <!-- org.Vapsi.AppTest -->
    </test> <!-- Surefire test -->
  </suite> <!-- Surefire suite -->
</testng-results>
