<?xml version="1.0" encoding="UTF-8"?>
<testsuite xmlns:xsi="http://www.w3.org/2001/XMLSchema-instance" xsi:noNamespaceSchemaLocation="https://maven.apache.org/surefire/maven-surefire-plugin/xsd/surefire-test-report.xsd" name="org.Vapsi.AppTest" time="5.465" tests="3" errors="0" skipped="0" failures="0">
  <properties>
[...]
</properties>
  <testcase name="Print1 on Print1(org.Vapsi.AppTest)" classname="org.Vapsi.AppTest" time="0.003"/>
  <testcase name="shouldAnswerWithTrue on shouldAnswerWithTrue(org.Vapsi.AppTest)" classname="org.Vapsi.AppTest" time="0"/>
  <testcase name="Print on Print(org.Vapsi.AppTest)" classname="org.Vapsi.AppTest" time="0.001"/>
</testsuite>