<?xml version="1.0" encoding="UTF-8"?>
<!-- Generated by org.testng.reporters.JUnitXMLReporter -->
<testsuite ignored="0" hostname="GAYATRIs-MacBook-Pro.local" failures="0" tests="3" name="Surefire test" time="0.118" errors="0" timestamp="18 Nov 2021 07:04:28 GMT">
  <testcase classname="org.Vapsi.AppTest" name="Print1 on Print1(org.Vapsi.AppTest)" time="0.044"/>
  <testcase classname="org.Vapsi.AppTest" name="shouldAnswerWithTrue on shouldAnswerWithTrue(org.Vapsi.AppTest)" time="0.006"/>
  <testcase classname="org.Vapsi.AppTest" name="Print on Print(org.Vapsi.AppTest)" time="0.007"/>
</testsuite> <!-- Surefire test -->
