<?xml version="1.0" encoding="UTF-8"?>
<testsuite xmlns:xsi="http://www.w3.org/2001/XMLSchema-instance" xsi:noNamespaceSchemaLocation="https://maven.apache.org/surefire/maven-surefire-plugin/xsd/surefire-test-report.xsd" name="TestSuite" time="35.348" tests="2" errors="0" skipped="0" failures="2">
  <properties>
[...]
</properties>
  <testcase name="Testlogin" classname="org.Vapasi.UserLoginTest" time="11.081">
    <failure message="chrome not reachable&#10;  (Session info: chrome=96.0.4664.55)&#10;Build info: version: &apos;3.141.59&apos;, revision: &apos;e82be7d358&apos;, time: &apos;2018-11-14T08:17:03&apos;&#10;System info: host: &apos;GAYATRIs-MacBook-Pro.local&apos;, ip: &apos;fe80:0:0:0:858:62a4:10e5:1250%en0&apos;, os.name: &apos;Mac OS X&apos;, os.arch: &apos;x86_64&apos;, os.version: &apos;11.5&apos;, java.version: &apos;17.0.1&apos;&#10;Driver info: org.openqa.selenium.chrome.ChromeDriver&#10;Capabilities {acceptInsecureCerts: false, browserName: chrome, browserVersion: 96.0.4664.55, chrome: {chromedriverVersion: 95.0.4638.69 (6a1600ed572fe..., userDataDir: /var/folders/w_/2dmn0zls0xj...}, goog:chromeOptions: {debuggerAddress: localhost:55002}, javascriptEnabled: true, networkConnectionEnabled: false, pageLoadStrategy: normal, platform: MAC, platformName: MAC, proxy: Proxy(), setWindowRect: true, strictFileInteractability: false, timeouts: {implicit: 0, pageLoad: 300000, script: 30000}, unhandledPromptBehavior: dismiss and notify, webauthn:extension:credBlob: true, webauthn:extension:largeBlob: true, webauthn:virtualAuthenticators: true}&#10;Session ID: ecf7c94180901a78e853e17dc44b9771&#10;*** Element info: {Using=name, value=order[shipments_attributes][0][selected_shipping_rate_id]}" type="org.openqa.selenium.WebDriverException">org.openqa.selenium.WebDriverException: 
chrome not reachable
  (Session info: chrome=96.0.4664.55)
Build info: version: '3.141.59', revision: 'e82be7d358', time: '2018-11-14T08:17:03'
System info: host: 'GAYATRIs-MacBook-Pro.local', ip: 'fe80:0:0:0:858:62a4:10e5:1250%en0', os.name: 'Mac OS X', os.arch: 'x86_64', os.version: '11.5', java.version: '17.0.1'
Driver info: org.openqa.selenium.chrome.ChromeDriver
Capabilities {acceptInsecureCerts: false, browserName: chrome, browserVersion: 96.0.4664.55, chrome: {chromedriverVersion: 95.0.4638.69 (6a1600ed572fe..., userDataDir: /var/folders/w_/2dmn0zls0xj...}, goog:chromeOptions: {debuggerAddress: localhost:55002}, javascriptEnabled: true, networkConnectionEnabled: false, pageLoadStrategy: normal, platform: MAC, platformName: MAC, proxy: Proxy(), setWindowRect: true, strictFileInteractability: false, timeouts: {implicit: 0, pageLoad: 300000, script: 30000}, unhandledPromptBehavior: dismiss and notify, webauthn:extension:credBlob: true, webauthn:extension:largeBlob: true, webauthn:virtualAuthenticators: true}
Session ID: ecf7c94180901a78e853e17dc44b9771
*** Element info: {Using=name, value=order[shipments_attributes][0][selected_shipping_rate_id]}
	at org.Vapasi.UserLoginTest.Testlogin(UserLoginTest.java:31)
</failure>
    <system-err><![CDATA[Starting ChromeDriver 95.0.4638.69 (6a1600ed572fedecd573b6c2b90a22fe6392a410-refs/branch-heads/4638@{#984}) on port 17261
Only local connections are allowed.
Please see https://chromedriver.chromium.org/security-considerations for suggestions on keeping ChromeDriver safe.
ChromeDriver was started successfully.
[1637749496.743][WARNING]: This version of ChromeDriver has not been tested with Chrome version 96.
Nov 24, 2021 3:54:56 PM org.openqa.selenium.remote.ProtocolHandshake createSession
INFO: Detected dialect: W3C
[1637749523.265][SEVERE]: Unable to receive message from renderer
]]></system-err>
  </testcase>
  <testcase name="takeScreenshot" classname="org.Vapasi.UserLoginTest" time="11.096">
    <failure message="chrome not reachable&#10;  (Session info: chrome=96.0.4664.55)&#10;Build info: version: &apos;3.141.59&apos;, revision: &apos;e82be7d358&apos;, time: &apos;2018-11-14T08:17:03&apos;&#10;System info: host: &apos;GAYATRIs-MacBook-Pro.local&apos;, ip: &apos;fe80:0:0:0:858:62a4:10e5:1250%en0&apos;, os.name: &apos;Mac OS X&apos;, os.arch: &apos;x86_64&apos;, os.version: &apos;11.5&apos;, java.version: &apos;17.0.1&apos;&#10;Driver info: org.openqa.selenium.chrome.ChromeDriver&#10;Capabilities {acceptInsecureCerts: false, browserName: chrome, browserVersion: 96.0.4664.55, chrome: {chromedriverVersion: 95.0.4638.69 (6a1600ed572fe..., userDataDir: /var/folders/w_/2dmn0zls0xj...}, goog:chromeOptions: {debuggerAddress: localhost:55002}, javascriptEnabled: true, networkConnectionEnabled: false, pageLoadStrategy: normal, platform: MAC, platformName: MAC, proxy: Proxy(), setWindowRect: true, strictFileInteractability: false, timeouts: {implicit: 0, pageLoad: 300000, script: 30000}, unhandledPromptBehavior: dismiss and notify, webauthn:extension:credBlob: true, webauthn:extension:largeBlob: true, webauthn:virtualAuthenticators: true}&#10;Session ID: ecf7c94180901a78e853e17dc44b9771" type="org.openqa.selenium.WebDriverException">org.openqa.selenium.WebDriverException: 
chrome not reachable
  (Session info: chrome=96.0.4664.55)
Build info: version: '3.141.59', revision: 'e82be7d358', time: '2018-11-14T08:17:03'
System info: host: 'GAYATRIs-MacBook-Pro.local', ip: 'fe80:0:0:0:858:62a4:10e5:1250%en0', os.name: 'Mac OS X', os.arch: 'x86_64', os.version: '11.5', java.version: '17.0.1'
Driver info: org.openqa.selenium.chrome.ChromeDriver
Capabilities {acceptInsecureCerts: false, browserName: chrome, browserVersion: 96.0.4664.55, chrome: {chromedriverVersion: 95.0.4638.69 (6a1600ed572fe..., userDataDir: /var/folders/w_/2dmn0zls0xj...}, goog:chromeOptions: {debuggerAddress: localhost:55002}, javascriptEnabled: true, networkConnectionEnabled: false, pageLoadStrategy: normal, platform: MAC, platformName: MAC, proxy: Proxy(), setWindowRect: true, strictFileInteractability: false, timeouts: {implicit: 0, pageLoad: 300000, script: 30000}, unhandledPromptBehavior: dismiss and notify, webauthn:extension:credBlob: true, webauthn:extension:largeBlob: true, webauthn:virtualAuthenticators: true}
Session ID: ecf7c94180901a78e853e17dc44b9771
</failure>
  </testcase>
</testsuite>